груд. 02, 2025 11:18:20 ПП Lab5Main run
INFO: Lab5 module started
груд. 02, 2025 11:18:26 ПП Lab5Main setupLanguage
SEVERE: Could not find resource bundle!
груд. 02, 2025 11:21:26 ПП Lab5Main run
INFO: Lab5 module started
груд. 02, 2025 11:21:27 ПП Lab5Main setupLanguage
INFO: Language set to: en_US
груд. 02, 2025 11:21:31 ПП Lab5Main run
INFO: Lab5 module finished
груд. 02, 2025 11:21:36 ПП Lab5Main run
INFO: Lab5 module started
груд. 02, 2025 11:21:37 ПП Lab5Main setupLanguage
INFO: Language set to: uk_UA
груд. 02, 2025 11:24:05 ПП Lab5Main run
INFO: Lab5 module started
груд. 02, 2025 11:24:06 ПП Lab5Main setupLanguage
INFO: Language set to: uk_UA
груд. 02, 2025 11:25:02 ПП Lab5Main run
INFO: Lab5 module started
груд. 02, 2025 11:25:03 ПП Lab5Main setupLanguage
INFO: Language set to: uk_UA
груд. 02, 2025 11:25:06 ПП Lab5Main run
INFO: User selected Task 3
груд. 03, 2025 1:05:12 ДП Lab5Main run
INFO: Lab5 module started
груд. 03, 2025 1:05:14 ДП Lab5Main setupLanguage
INFO: Language set to: uk_UA
груд. 03, 2025 1:05:17 ДП Lab5Main run
INFO: User selected Task 2
